#
# There is insufficient memory for the Java Runtime Environment to continue.
# Native memory allocation (malloc) failed to allocate 1628192 bytes for Chunk::new
# Possible reasons:
#   The system is out of physical RAM or swap space
#   The process is running with CompressedOops enabled, and the Java Heap may be blocking the growth of the native heap
# Possible solutions:
#   Reduce memory load on the system
#   Increase physical memory or swap space
#   Check if swap backing store is full
#   Decrease Java heap size (-Xmx/-Xms)
#   Decrease number of Java threads
#   Decrease Java thread stack sizes (-Xss)
#   Set larger code cache with -XX:ReservedCodeCacheSize=
#   JVM is running with Unscaled Compressed Oops mode in which the Java heap is
#     placed in the first 4GB address space. The Java Heap base address is the
#     maximum limit for the native heap growth. Please use -XX:HeapBaseMinAddress
#     to set the Java Heap base and to place the Java Heap above 4GB virtual address.
# This output file may be truncated or incomplete.
#
#  Out of Memory Error (arena.cpp:184), pid=3536, tid=7912
#
# JRE version: OpenJDK Runtime Environment Corretto-19.0.2.7.1 (19.0.2+7) (build 19.0.2+7-FR)
# Java VM: OpenJDK 64-Bit Server VM Corretto-19.0.2.7.1 (19.0.2+7-FR, mixed mode, sharing, tiered, compressed oops, compressed class ptrs, g1 gc, windows-amd64)
# No core dump will be written. Minidumps are not enabled by default on client versions of Windows
#

---------------  S U M M A R Y ------------

Command Line: -javaagent:C:\Program Files\JetBrains\IntelliJ IDEA 2023.1.2\lib\idea_rt.jar=57663:C:\Program Files\JetBrains\IntelliJ IDEA 2023.1.2\bin -Dfile.encoding=UTF-8 -Dsun.stdout.encoding=UTF-8 -Dsun.stderr.encoding=UTF-8 --module-path=C:\Users\magdy\.m2\repository\org\openjfx\javafx-controls\19\javafx-controls-19-win.jar;C:\Users\magdy\OneDrive\Documents\GitHub\HMS\target\classes;C:\Users\magdy\.m2\repository\org\openjfx\javafx-base\19\javafx-base-19-win.jar;C:\Users\magdy\.m2\repository\org\openjfx\javafx-fxml\19\javafx-fxml-19-win.jar;C:\Users\magdy\.m2\repository\org\openjfx\javafx-graphics\19\javafx-graphics-19-win.jar -Djdk.module.main=com.example.swa7_app com.example.swa7_app/com.example.swa7_app.Main

Host: Intel(R) Pentium(R) Gold 7505 @ 2.00GHz, 4 cores, 3G,  Windows 10 , 64 bit Build 19041 (10.0.19041.2364)
Time: Thu May 25 17:43:37 2023 Egypt Standard Time elapsed time: 20.143559 seconds (0d 0h 0m 20s)

---------------  T H R E A D  ---------------

Current thread (0x0000026278b75db0):  JavaThread "C2 CompilerThread0" daemon [_thread_in_native, id=7912, stack(0x0000006eb0200000,0x0000006eb0300000)]


Current CompileTask:
C2:  20143 4652       4       javafx.scene.CssStyleHelper::resolveRef (134 bytes)

Stack: [0x0000006eb0200000,0x0000006eb0300000]
Native frames: (J=compiled Java code, j=interpreted, Vv=VM code, C=native code)
V  [jvm.dll+0x6d034a]
V  [jvm.dll+0x880f10]
V  [jvm.dll+0x88289e]
V  [jvm.dll+0x882f43]
V  [jvm.dll+0x27b4bb]
V  [jvm.dll+0xdd792]
V  [jvm.dll+0xddb25]
V  [jvm.dll+0x3b4a5b]
V  [jvm.dll+0x37c86a]
V  [jvm.dll+0x37bc5a]
V  [jvm.dll+0x2470ef]
V  [jvm.dll+0x2465a7]
V  [jvm.dll+0x1d4bb7]
V  [jvm.dll+0x25558a]
V  [jvm.dll+0x2538d7]
V  [jvm.dll+0x8342bd]
V  [jvm.dll+0x82e2fa]
V  [jvm.dll+0x6cf0d3]
C  [ucrtbase.dll+0x21bb2]
C  [KERNEL32.DLL+0x17614]
C  [ntdll.dll+0x526a1]


---------------  P R O C E S S  ---------------

Threads class SMR info:
_java_thread_list=0x0000026202c24150, length=21, elements={
0x000002625d3f84b0, 0x0000026278b6efe0, 0x0000026278b6fdd0, 0x0000026278b73cd0,
0x0000026278b74830, 0x0000026278b75390, 0x0000026278b77f40, 0x0000026278b75db0,
0x0000026278b89710, 0x0000026278b8a1c0, 0x000002627d0181a0, 0x000002627d15bc00,
0x000002627d575650, 0x000002627d89feb0, 0x000002627d9b06a0, 0x000002627d9b1bd0,
0x000002627dbdb670, 0x000002627dbda130, 0x000002627dbdabd0, 0x000002627dbdc660,
0x000002627dbda680
}

Java Threads: ( => current thread )
  0x000002625d3f84b0 JavaThread "main" [_thread_blocked, id=20288, stack(0x0000006eaf500000,0x0000006eaf600000)]
  0x0000026278b6efe0 JavaThread "Reference Handler" daemon [_thread_blocked, id=15980, stack(0x0000006eafc00000,0x0000006eafd00000)]
  0x0000026278b6fdd0 JavaThread "Finalizer" daemon [_thread_blocked, id=13016, stack(0x0000006eafd00000,0x0000006eafe00000)]
  0x0000026278b73cd0 JavaThread "Signal Dispatcher" daemon [_thread_blocked, id=540, stack(0x0000006eafe00000,0x0000006eaff00000)]
  0x0000026278b74830 JavaThread "Attach Listener" daemon [_thread_blocked, id=20100, stack(0x0000006eaff00000,0x0000006eb0000000)]
  0x0000026278b75390 JavaThread "Service Thread" daemon [_thread_blocked, id=15644, stack(0x0000006eb0000000,0x0000006eb0100000)]
  0x0000026278b77f40 JavaThread "Monitor Deflation Thread" daemon [_thread_blocked, id=16072, stack(0x0000006eb0100000,0x0000006eb0200000)]
=>0x0000026278b75db0 JavaThread "C2 CompilerThread0" daemon [_thread_in_native, id=7912, stack(0x0000006eb0200000,0x0000006eb0300000)]
  0x0000026278b89710 JavaThread "C1 CompilerThread0" daemon [_thread_blocked, id=17952, stack(0x0000006eb0300000,0x0000006eb0400000)]
  0x0000026278b8a1c0 JavaThread "Sweeper thread" daemon [_thread_blocked, id=6616, stack(0x0000006eb0400000,0x0000006eb0500000)]
  0x000002627d0181a0 JavaThread "Common-Cleaner" daemon [_thread_blocked, id=8744, stack(0x0000006eb0500000,0x0000006eb0600000)]
  0x000002627d15bc00 JavaThread "Monitor Ctrl-Break" daemon [_thread_in_native, id=20548, stack(0x0000006eb0600000,0x0000006eb0700000)]
  0x000002627d575650 JavaThread "Notification Thread" daemon [_thread_blocked, id=1996, stack(0x0000006eb0700000,0x0000006eb0800000)]
  0x000002627d89feb0 JavaThread "QuantumRenderer-0" daemon [_thread_blocked, id=15256, stack(0x0000006eb0c00000,0x0000006eb0d00000)]
  0x000002627d9b06a0 JavaThread "InvokeLaterDispatcher" daemon [_thread_blocked, id=5880, stack(0x0000006eb0d00000,0x0000006eb0e00000)]
  0x000002627d9b1bd0 JavaThread "JavaFX Application Thread" [_thread_in_native, id=20948, stack(0x0000006eb0e00000,0x0000006eb0f00000)]
  0x000002627dbdb670 JavaThread "Thread-1" daemon [_thread_in_native, id=4852, stack(0x0000006eb1200000,0x0000006eb1300000)]
  0x000002627dbda130 JavaThread "JavaFX-Launcher" [_thread_blocked, id=19644, stack(0x0000006eb1300000,0x0000006eb1400000)]
  0x000002627dbdabd0 JavaThread "Prism Font Disposer" daemon [_thread_blocked, id=1300, stack(0x0000006eb1400000,0x0000006eb1500000)]
  0x000002627dbdc660 JavaThread "mysql-cj-abandoned-connection-cleanup" daemon [_thread_blocked, id=20528, stack(0x0000006eb1500000,0x0000006eb1600000)]
  0x000002627dbda680 JavaThread "Cleaner-0" daemon [_thread_blocked, id=20940, stack(0x0000006eb1900000,0x0000006eb1a00000)]

Other Threads:
  0x000002625d4b7240 VMThread "VM Thread" [stack: 0x0000006eafb00000,0x0000006eafc00000] [id=616]
  0x000002627d15c140 WatcherThread "VM Periodic Task Thread" [stack: 0x0000006eb0800000,0x0000006eb0900000] [id=10944]
  0x000002625d4354e0 WorkerThread "GC Thread#0" [stack: 0x0000006eaf600000,0x0000006eaf700000] [id=5404]
  0x000002627d8c2fc0 WorkerThread "GC Thread#1" [stack: 0x0000006eb0900000,0x0000006eb0a00000] [id=19000]
  0x000002627d8f9890 WorkerThread "GC Thread#2" [stack: 0x0000006eb0a00000,0x0000006eb0b00000] [id=8468]
  0x000002627d8f9b60 WorkerThread "GC Thread#3" [stack: 0x0000006eb0b00000,0x0000006eb0c00000] [id=18704]
  0x000002625d43e650 ConcurrentGCThread "G1 Main Marker" [stack: 0x0000006eaf700000,0x0000006eaf800000] [id=12636]
  0x000002625d43f080 WorkerThread "G1 Conc#0" [stack: 0x0000006eaf800000,0x0000006eaf900000] [id=17580]
  0x000002625d493b70 ConcurrentGCThread "G1 Refine#0" [stack: 0x0000006eaf900000,0x0000006eafa00000] [id=10296]
  0x000002625d4946b0 ConcurrentGCThread "G1 Service" [stack: 0x0000006eafa00000,0x0000006eafb00000] [id=13624]

Threads with active compile tasks:
C2 CompilerThread0    20238 4652       4       javafx.scene.CssStyleHelper::resolveRef (134 bytes)

VM state: not at safepoint (normal execution)

VM Mutex/Monitor currently owned by a thread: None

Heap address: 0x00000000c7000000, size: 912 MB, Compressed Oops mode: 32-bit

CDS archive(s) mapped at: [0x0000000800000000-0x0000000800c40000-0x0000000800c40000), size 12845056, SharedBaseAddress: 0x0000000800000000, ArchiveRelocationMode: 0.
Compressed class space mapped at: 0x0000000801000000-0x0000000841000000, reserved size: 1073741824
Narrow klass base: 0x0000000800000000, Narrow klass shift: 0, Narrow klass range: 0x100000000

GC Precious Log:
 CardTable entry size: 512
 Card Set container configuration: InlinePtr #cards 5 size 8 Array Of Cards #cards 12 size 40 Howl #buckets 4 coarsen threshold 1843 Howl Bitmap #cards 512 size 80 coarsen threshold 460 Card regions per heap region 1 cards per card region 2048
 CPUs: 4 total, 4 available
 Memory: 3643M
 Large Page Support: Disabled
 NUMA Support: Disabled
 Compressed Oops: Enabled (32-bit)
 Heap Region Size: 1M
 Heap Min Capacity: 8M
 Heap Initial Capacity: 58M
 Heap Max Capacity: 912M
 Pre-touch: Disabled
 Parallel Workers: 4
 Concurrent Workers: 1
 Concurrent Refinement Workers: 4
 Periodic GC: Disabled

Heap:
 garbage-first heap   total 48128K, used 31320K [0x00000000c7000000, 0x0000000100000000)
  region size 1024K, 15 young (15360K), 4 survivors (4096K)
 Metaspace       used 28655K, committed 28992K, reserved 1114112K
  class space    used 3942K, committed 4096K, reserved 1048576K

Heap Regions: E=young(eden), S=young(survivor), O=old, HS=humongous(starts), HC=humongous(continues), CS=collection set, F=free, OA=open archive, CA=closed archive, TAMS=top-at-mark-start (previous, next)
|   0|0x00000000c7000000, 0x00000000c7100000, 0x00000000c7100000|100%| O|  |TAMS 0x00000000c7100000, 0x00000000c7000000| Untracked 
|   1|0x00000000c7100000, 0x00000000c7200000, 0x00000000c7200000|100%| O|  |TAMS 0x00000000c7200000, 0x00000000c7100000| Untracked 
|   2|0x00000000c7200000, 0x00000000c7300000, 0x00000000c7300000|100%| O|  |TAMS 0x00000000c7300000, 0x00000000c7200000| Untracked 
|   3|0x00000000c7300000, 0x00000000c7400000, 0x00000000c7400000|100%| O|  |TAMS 0x00000000c7400000, 0x00000000c7300000| Untracked 
|   4|0x00000000c7400000, 0x00000000c7500000, 0x00000000c7500000|100%| O|  |TAMS 0x00000000c7500000, 0x00000000c7400000| Untracked 
|   5|0x00000000c7500000, 0x00000000c7600000, 0x00000000c7600000|100%| O|  |TAMS 0x00000000c75c4c00, 0x00000000c7500000| Untracked 
|   6|0x00000000c7600000, 0x00000000c7700000, 0x00000000c7700000|100%|HS|  |TAMS 0x00000000c7700000, 0x00000000c7600000| Complete 
|   7|0x00000000c7700000, 0x00000000c7800000, 0x00000000c7800000|100%|HC|  |TAMS 0x00000000c7800000, 0x00000000c7700000| Complete 
|   8|0x00000000c7800000, 0x00000000c7900000, 0x00000000c7900000|100%| O|  |TAMS 0x00000000c7800000, 0x00000000c7800000| Untracked 
|   9|0x00000000c7900000, 0x00000000c7a00000, 0x00000000c7a00000|100%| O|  |TAMS 0x00000000c7900000, 0x00000000c7900000| Untracked 
|  10|0x00000000c7a00000, 0x00000000c7b00000, 0x00000000c7b00000|100%| O|  |TAMS 0x00000000c7a00000, 0x00000000c7a00000| Untracked 
|  11|0x00000000c7b00000, 0x00000000c7be5600, 0x00000000c7c00000| 89%| O|  |TAMS 0x00000000c7b00000, 0x00000000c7b00000| Untracked 
|  12|0x00000000c7c00000, 0x00000000c7d00000, 0x00000000c7d00000|100%|HS|  |TAMS 0x00000000c7c00000, 0x00000000c7c00000| Complete 
|  13|0x00000000c7d00000, 0x00000000c7e00000, 0x00000000c7e00000|100%|HC|  |TAMS 0x00000000c7d00000, 0x00000000c7d00000| Complete 
|  14|0x00000000c7e00000, 0x00000000c7eb0c00, 0x00000000c7f00000| 69%| O|  |TAMS 0x00000000c7e00000, 0x00000000c7e00000| Untracked 
|  15|0x00000000c7f00000, 0x00000000c8000000, 0x00000000c8000000|100%|HS|  |TAMS 0x00000000c7f00000, 0x00000000c7f00000| Complete 
|  16|0x00000000c8000000, 0x00000000c8100000, 0x00000000c8100000|100%| S|CS|TAMS 0x00000000c8000000, 0x00000000c8000000| Complete 
|  17|0x00000000c8100000, 0x00000000c8200000, 0x00000000c8200000|100%| S|CS|TAMS 0x00000000c8100000, 0x00000000c8100000| Complete 
|  18|0x00000000c8200000, 0x00000000c8300000, 0x00000000c8300000|100%| S|CS|TAMS 0x00000000c8200000, 0x00000000c8200000| Complete 
|  19|0x00000000c8300000, 0x00000000c8400000, 0x00000000c8400000|100%| S|CS|TAMS 0x00000000c8300000, 0x00000000c8300000| Complete 
|  20|0x00000000c8400000, 0x00000000c8500000, 0x00000000c8500000|100%|HS|  |TAMS 0x00000000c8400000, 0x00000000c8400000| Complete 
|  21|0x00000000c8500000, 0x00000000c8600000, 0x00000000c8600000|100%|HC|  |TAMS 0x00000000c8500000, 0x00000000c8500000| Complete 
|  22|0x00000000c8600000, 0x00000000c8600000, 0x00000000c8700000|  0%| F|  |TAMS 0x00000000c8600000, 0x00000000c8600000| Untracked 
|  23|0x00000000c8700000, 0x00000000c8700000, 0x00000000c8800000|  0%| F|  |TAMS 0x00000000c8700000, 0x00000000c8700000| Untracked 
|  24|0x00000000c8800000, 0x00000000c8800000, 0x00000000c8900000|  0%| F|  |TAMS 0x00000000c8800000, 0x00000000c8800000| Untracked 
|  25|0x00000000c8900000, 0x00000000c8900000, 0x00000000c8a00000|  0%| F|  |TAMS 0x00000000c8900000, 0x00000000c8900000| Untracked 
|  26|0x00000000c8a00000, 0x00000000c8a00000, 0x00000000c8b00000|  0%| F|  |TAMS 0x00000000c8a00000, 0x00000000c8a00000| Untracked 
|  27|0x00000000c8b00000, 0x00000000c8b00000, 0x00000000c8c00000|  0%| F|  |TAMS 0x00000000c8b00000, 0x00000000c8b00000| Untracked 
|  28|0x00000000c8c00000, 0x00000000c8c00000, 0x00000000c8d00000|  0%| F|  |TAMS 0x00000000c8c00000, 0x00000000c8c00000| Untracked 
|  29|0x00000000c8d00000, 0x00000000c8d00000, 0x00000000c8e00000|  0%| F|  |TAMS 0x00000000c8d00000, 0x00000000c8d00000| Untracked 
|  30|0x00000000c8e00000, 0x00000000c8e00000, 0x00000000c8f00000|  0%| F|  |TAMS 0x00000000c8e00000, 0x00000000c8e00000| Untracked 
|  31|0x00000000c8f00000, 0x00000000c8f00000, 0x00000000c9000000|  0%| F|  |TAMS 0x00000000c8f00000, 0x00000000c8f00000| Untracked 
|  32|0x00000000c9000000, 0x00000000c9000000, 0x00000000c9100000|  0%| F|  |TAMS 0x00000000c9000000, 0x00000000c9000000| Untracked 
|  33|0x00000000c9100000, 0x00000000c9100000, 0x00000000c9200000|  0%| F|  |TAMS 0x00000000c9100000, 0x00000000c9100000| Untracked 
|  34|0x00000000c9200000, 0x00000000c9200000, 0x00000000c9300000|  0%| F|  |TAMS 0x00000000c9200000, 0x00000000c9200000| Untracked 
|  35|0x00000000c9300000, 0x00000000c9300000, 0x00000000c9400000|  0%| F|  |TAMS 0x00000000c9300000, 0x00000000c9300000| Untracked 
|  36|0x00000000c9400000, 0x00000000c94b45a8, 0x00000000c9500000| 70%| E|  |TAMS 0x00000000c9400000, 0x00000000c9400000| Complete 
|  37|0x00000000c9500000, 0x00000000c9600000, 0x00000000c9600000|100%| E|CS|TAMS 0x00000000c9500000, 0x00000000c9500000| Complete 
|  38|0x00000000c9600000, 0x00000000c9700000, 0x00000000c9700000|100%| E|CS|TAMS 0x00000000c9600000, 0x00000000c9600000| Complete 
|  39|0x00000000c9700000, 0x00000000c9800000, 0x00000000c9800000|100%| E|CS|TAMS 0x00000000c9700000, 0x00000000c9700000| Complete 
|  40|0x00000000c9800000, 0x00000000c9900000, 0x00000000c9900000|100%| E|CS|TAMS 0x00000000c9800000, 0x00000000c9800000| Complete 
|  41|0x00000000c9900000, 0x00000000c9a00000, 0x00000000c9a00000|100%| E|CS|TAMS 0x00000000c9900000, 0x00000000c9900000| Complete 
|  42|0x00000000c9a00000, 0x00000000c9b00000, 0x00000000c9b00000|100%| E|CS|TAMS 0x00000000c9a00000, 0x00000000c9a00000| Complete 
|  43|0x00000000c9b00000, 0x00000000c9c00000, 0x00000000c9c00000|100%| E|CS|TAMS 0x00000000c9b00000, 0x00000000c9b00000| Complete 
|  44|0x00000000c9c00000, 0x00000000c9d00000, 0x00000000c9d00000|100%| E|CS|TAMS 0x00000000c9c00000, 0x00000000c9c00000| Complete 
|  52|0x00000000ca400000, 0x00000000ca500000, 0x00000000ca500000|100%| E|CS|TAMS 0x00000000ca400000, 0x00000000ca400000| Complete 
|  57|0x00000000ca900000, 0x00000000caa00000, 0x00000000caa00000|100%| E|  |TAMS 0x00000000ca900000, 0x00000000ca900000| Complete 

Card table byte_map: [0x00000262745f0000,0x00000262747c0000] _byte_map_base: 0x0000026273fb8000

Marking Bits (Prev, Next): (CMBitMap*) 0x000002625d436b60, (CMBitMap*) 0x000002625d436b20
 Prev Bits: [0x00000262757d0000, 0x0000026276610000)
 Next Bits: [0x0000026274990000, 0x00000262757d0000)

Polling page: 0x000002625b200000

Metaspace:

Usage:
  Non-class:     24.13 MB used.
      Class:      3.85 MB used.
       Both:     27.98 MB used.

Virtual space:
  Non-class space:       64.00 MB reserved,      24.31 MB ( 38%) committed,  1 nodes.
      Class space:        1.00 GB reserved,       4.00 MB ( <1%) committed,  1 nodes.
             Both:        1.06 GB reserved,      28.31 MB (  3%) committed. 

Chunk freelists:
   Non-Class:  2.97 MB
       Class:  16.00 KB
        Both:  2.98 MB

MaxMetaspaceSize: unlimited
CompressedClassSpaceSize: 1.00 GB
Initial GC threshold: 21.00 MB
Current GC threshold: 35.31 MB
CDS: on
MetaspaceReclaimPolicy: balanced
 - commit_granule_bytes: 65536.
 - commit_granule_words: 8192.
 - virtual_space_node_default_size: 8388608.
 - enlarge_chunks_in_place: 1.
 - new_chunks_are_fully_committed: 0.
 - uncommit_free_chunks: 1.
 - use_allocation_guard: 0.


Internal statistics:

num_allocs_failed_limit: 5.
num_arena_births: 400.
num_arena_deaths: 0.
num_vsnodes_births: 2.
num_vsnodes_deaths: 0.
num_space_committed: 453.
num_space_uncommitted: 0.
num_chunks_returned_to_freelist: 5.
num_chunks_taken_from_freelist: 1202.
num_chunk_merges: 5.
num_chunk_splits: 863.
num_chunks_enlarged: 682.
num_inconsistent_stats: 0.

CodeHeap 'non-profiled nmethods': size=120000Kb used=1835Kb max_used=1835Kb free=118164Kb
 bounds [0x000002626d0c0000, 0x000002626d330000, 0x00000262745f0000]
CodeHeap 'profiled nmethods': size=120000Kb used=9696Kb max_used=9696Kb free=110303Kb
 bounds [0x00000262655f0000, 0x0000026265f70000, 0x000002626cb20000]
CodeHeap 'non-nmethods': size=5760Kb used=1634Kb max_used=1662Kb free=4126Kb
 bounds [0x000002626cb20000, 0x000002626cd90000, 0x000002626d0c0000]
 total_blobs=5615 nmethods=4697 adapters=826
 compilation: enabled
              stopped_count=0, restarted_count=0
 full_count=0

Compilation events (20 events):
Event: 19.982 Thread 0x0000026278b75db0 nmethod 4649 0x000002626d286d10 code [0x000002626d287000, 0x000002626d288be0]
Event: 19.982 Thread 0x0000026278b75db0 4650       4       java.util.WeakHashMap::indexFor (6 bytes)
Event: 19.983 Thread 0x0000026278b75db0 nmethod 4650 0x000002626d28a010 code [0x000002626d28a180, 0x000002626d28a1d8]
Event: 19.983 Thread 0x0000026278b75db0 4644       4       javafx.scene.CssStyleHelper::handleNoStyleFound (88 bytes)
Event: 19.984 Thread 0x0000026278b75db0 nmethod 4644 0x000002626d28a310 code [0x000002626d28a4a0, 0x000002626d28a578]
Event: 19.984 Thread 0x0000026278b75db0 4665       4       java.nio.Buffer::nextGetIndex (32 bytes)
Event: 19.985 Thread 0x0000026278b75db0 nmethod 4665 0x000002626d28a690 code [0x000002626d28a820, 0x000002626d28a8d8]
Event: 19.985 Thread 0x0000026278b75db0 4652       4       javafx.scene.CssStyleHelper::resolveRef (134 bytes)
Event: 20.019 Thread 0x0000026278b89710 4693       3       com.sun.prism.impl.shape.DMarlinPrismUtils::initRenderer (253 bytes)
Event: 20.021 Thread 0x0000026278b89710 nmethod 4693 0x0000026265f5f090 code [0x0000026265f5f340, 0x0000026265f5fb18]
Event: 20.021 Thread 0x0000026278b89710 4694       3       com.sun.marlin.Renderer::getOffsetX (4 bytes)
Event: 20.021 Thread 0x0000026278b89710 nmethod 4694 0x0000026265f5ff10 code [0x0000026265f600c0, 0x0000026265f601d8]
Event: 20.021 Thread 0x0000026278b89710 4695       3       com.sun.marlin.Renderer::getOffsetY (4 bytes)
Event: 20.021 Thread 0x0000026278b89710 nmethod 4695 0x0000026265f60290 code [0x0000026265f60440, 0x0000026265f60558]
Event: 20.021 Thread 0x0000026278b89710 4696       3       com.sun.marlin.Renderer::init (12 bytes)
Event: 20.021 Thread 0x0000026278b89710 nmethod 4696 0x0000026265f60610 code [0x0000026265f607c0, 0x0000026265f60908]
Event: 20.021 Thread 0x0000026278b89710 4697       3       com.sun.marlin.Renderer::init (216 bytes)
Event: 20.021 Thread 0x0000026278b89710 nmethod 4697 0x0000026265f60a10 code [0x0000026265f60be0, 0x0000026265f60f38]
Event: 20.021 Thread 0x0000026278b89710 4698       3       com.sun.marlin.Renderer::pathDone (9 bytes)
Event: 20.021 Thread 0x0000026278b89710 nmethod 4698 0x0000026265f61090 code [0x0000026265f61240, 0x0000026265f613b8]

GC Heap History (10 events):
Event: 1.645 GC heap before
{Heap before GC invocations=0 (full 0):
 garbage-first heap   total 59392K, used 12288K [0x00000000c7000000, 0x0000000100000000)
  region size 1024K, 13 young (13312K), 0 survivors (0K)
 Metaspace       used 2741K, committed 2880K, reserved 1114112K
  class space    used 273K, committed 320K, reserved 1048576K
}
Event: 1.657 GC heap after
{Heap after GC invocations=1 (full 0):
 garbage-first heap   total 59392K, used 2628K [0x00000000c7000000, 0x0000000100000000)
  region size 1024K, 2 young (2048K), 2 survivors (2048K)
 Metaspace       used 2741K, committed 2880K, reserved 1114112K
  class space    used 273K, committed 320K, reserved 1048576K
}
Event: 2.396 GC heap before
{Heap before GC invocations=1 (full 0):
 garbage-first heap   total 59392K, used 19012K [0x00000000c7000000, 0x0000000100000000)
  region size 1024K, 19 young (19456K), 2 survivors (2048K)
 Metaspace       used 8745K, committed 9024K, reserved 1114112K
  class space    used 1044K, committed 1152K, reserved 1048576K
}
Event: 2.402 GC heap after
{Heap after GC invocations=2 (full 0):
 garbage-first heap   total 59392K, used 4957K [0x00000000c7000000, 0x0000000100000000)
  region size 1024K, 3 young (3072K), 3 survivors (3072K)
 Metaspace       used 8745K, committed 9024K, reserved 1114112K
  class space    used 1044K, committed 1152K, reserved 1048576K
}
Event: 3.885 GC heap before
{Heap before GC invocations=2 (full 0):
 garbage-first heap   total 59392K, used 33629K [0x00000000c7000000, 0x0000000100000000)
  region size 1024K, 31 young (31744K), 3 survivors (3072K)
 Metaspace       used 20156K, committed 20544K, reserved 1114112K
  class space    used 2552K, committed 2752K, reserved 1048576K
}
Event: 3.893 GC heap after
{Heap after GC invocations=3 (full 0):
 garbage-first heap   total 59392K, used 10003K [0x00000000c7000000, 0x0000000100000000)
  region size 1024K, 4 young (4096K), 4 survivors (4096K)
 Metaspace       used 20156K, committed 20544K, reserved 1114112K
  class space    used 2552K, committed 2752K, reserved 1048576K
}
Event: 4.045 GC heap before
{Heap before GC invocations=3 (full 0):
 garbage-first heap   total 59392K, used 15123K [0x00000000c7000000, 0x0000000100000000)
  region size 1024K, 9 young (9216K), 4 survivors (4096K)
 Metaspace       used 21222K, committed 21504K, reserved 1114112K
  class space    used 2714K, committed 2880K, reserved 1048576K
}
Event: 4.050 GC heap after
{Heap after GC invocations=4 (full 0):
 garbage-first heap   total 59392K, used 12860K [0x00000000c7000000, 0x0000000100000000)
  region size 1024K, 1 young (1024K), 1 survivors (1024K)
 Metaspace       used 21222K, committed 21504K, reserved 1114112K
  class space    used 2714K, committed 2880K, reserved 1048576K
}
Event: 4.937 GC heap before
{Heap before GC invocations=5 (full 0):
 garbage-first heap   total 48128K, used 41532K [0x00000000c7000000, 0x0000000100000000)
  region size 1024K, 27 young (27648K), 1 survivors (1024K)
 Metaspace       used 26109K, committed 26496K, reserved 1114112K
  class space    used 3658K, committed 3840K, reserved 1048576K
}
Event: 4.945 GC heap after
{Heap after GC invocations=6 (full 0):
 garbage-first heap   total 48128K, used 16984K [0x00000000c7000000, 0x0000000100000000)
  region size 1024K, 4 young (4096K), 4 survivors (4096K)
 Metaspace       used 26109K, committed 26496K, reserved 1114112K
  class space    used 3658K, committed 3840K, reserved 1048576K
}

Dll operation events (20 events):
Event: 1.278 Loaded shared library C:\Users\magdy\.openjfx\cache\19+11\amd64\api-ms-win-crt-math-l1-1-0.dll
Event: 1.285 Loaded shared library C:\Users\magdy\.openjfx\cache\19+11\amd64\api-ms-win-crt-multibyte-l1-1-0.dll
Event: 1.294 Loaded shared library C:\Users\magdy\.openjfx\cache\19+11\amd64\api-ms-win-crt-private-l1-1-0.dll
Event: 1.310 Loaded shared library C:\Users\magdy\.openjfx\cache\19+11\amd64\api-ms-win-crt-process-l1-1-0.dll
Event: 1.327 Loaded shared library C:\Users\magdy\.openjfx\cache\19+11\amd64\api-ms-win-crt-runtime-l1-1-0.dll
Event: 1.339 Loaded shared library C:\Users\magdy\.openjfx\cache\19+11\amd64\api-ms-win-crt-stdio-l1-1-0.dll
Event: 1.349 Loaded shared library C:\Users\magdy\.openjfx\cache\19+11\amd64\api-ms-win-crt-string-l1-1-0.dll
Event: 1.359 Loaded shared library C:\Users\magdy\.openjfx\cache\19+11\amd64\api-ms-win-crt-time-l1-1-0.dll
Event: 1.365 Loaded shared library C:\Users\magdy\.openjfx\cache\19+11\amd64\api-ms-win-crt-utility-l1-1-0.dll
Event: 1.584 Loaded shared library C:\Users\magdy\.openjfx\cache\19+11\amd64\ucrtbase.dll
Event: 1.596 Loaded shared library C:\Users\magdy\.openjfx\cache\19+11\amd64\vcruntime140.dll
Event: 1.611 Loaded shared library C:\Users\magdy\.jdks\corretto-19.0.2\bin\jimage.dll
Event: 1.612 Loaded shared library C:\Users\magdy\.openjfx\cache\19+11\amd64\vcruntime140_1.dll
Event: 1.701 Loaded shared library C:\Users\magdy\.openjfx\cache\19+11\amd64\msvcp140.dll
Event: 1.713 Loaded shared library C:\Users\magdy\.openjfx\cache\19+11\amd64\msvcp140_1.dll
Event: 1.726 Loaded shared library C:\Users\magdy\.openjfx\cache\19+11\amd64\msvcp140_2.dll
Event: 1.818 Loaded shared library C:\Users\magdy\.openjfx\cache\19+11\amd64\prism_d3d.dll
Event: 1.924 Loaded shared library C:\Users\magdy\.openjfx\cache\19+11\amd64\glass.dll
Event: 2.371 Loaded shared library C:\Users\magdy\.openjfx\cache\19+11\amd64\javafx_font.dll
Event: 3.398 Loaded shared library C:\Users\magdy\.jdks\corretto-19.0.2\bin\sunmscapi.dll

Deoptimization events (20 events):
Event: 19.686 Thread 0x000002627d9b1bd0 Uncommon trap: trap_request=0xffffff45 fr.pc=0x000002626d26c730 relative=0x00000000000005f0
Event: 19.686 Thread 0x000002627d9b1bd0 Uncommon trap: reason=unstable_if action=reinterpret pc=0x000002626d26c730 method=javafx.scene.Node.updateBounds()V @ 106 c2
Event: 19.686 Thread 0x000002627d9b1bd0 DEOPT PACKING pc=0x000002626d26c730 sp=0x0000006eb0efbc10
Event: 19.686 Thread 0x000002627d9b1bd0 DEOPT UNPACKING pc=0x000002626cb8a5a3 sp=0x0000006eb0efbb60 mode 2
Event: 19.686 Thread 0x000002627d9b1bd0 Uncommon trap: trap_request=0xffffff45 fr.pc=0x000002626d26c730 relative=0x00000000000005f0
Event: 19.686 Thread 0x000002627d9b1bd0 Uncommon trap: reason=unstable_if action=reinterpret pc=0x000002626d26c730 method=javafx.scene.Node.updateBounds()V @ 106 c2
Event: 19.686 Thread 0x000002627d9b1bd0 DEOPT PACKING pc=0x000002626d26c730 sp=0x0000006eb0efbc70
Event: 19.686 Thread 0x000002627d9b1bd0 DEOPT UNPACKING pc=0x000002626cb8a5a3 sp=0x0000006eb0efbbc0 mode 2
Event: 19.686 Thread 0x000002627d9b1bd0 Uncommon trap: trap_request=0xffffff45 fr.pc=0x000002626d26c730 relative=0x00000000000005f0
Event: 19.686 Thread 0x000002627d9b1bd0 Uncommon trap: reason=unstable_if action=reinterpret pc=0x000002626d26c730 method=javafx.scene.Node.updateBounds()V @ 106 c2
Event: 19.686 Thread 0x000002627d9b1bd0 DEOPT PACKING pc=0x000002626d26c730 sp=0x0000006eb0efbcd0
Event: 19.686 Thread 0x000002627d9b1bd0 DEOPT UNPACKING pc=0x000002626cb8a5a3 sp=0x0000006eb0efbc28 mode 2
Event: 19.700 Thread 0x000002627d89feb0 Uncommon trap: trap_request=0xffffff45 fr.pc=0x000002626d1fd460 relative=0x00000000000009a0
Event: 19.700 Thread 0x000002627d89feb0 Uncommon trap: reason=unstable_if action=reinterpret pc=0x000002626d1fd460 method=com.sun.marlin.MaskMarlinAlphaConsumer.setAndClearRelativeAlphas([I[IIII)V @ 548 c2
Event: 19.701 Thread 0x000002627d89feb0 DEOPT PACKING pc=0x000002626d1fd460 sp=0x0000006eb0cfd6e0
Event: 19.701 Thread 0x000002627d89feb0 DEOPT UNPACKING pc=0x000002626cb8a5a3 sp=0x0000006eb0cfd5f0 mode 2
Event: 19.702 Thread 0x000002627d89feb0 Uncommon trap: trap_request=0xffffff45 fr.pc=0x000002626d1fb744 relative=0x0000000000000b04
Event: 19.702 Thread 0x000002627d89feb0 Uncommon trap: reason=unstable_if action=reinterpret pc=0x000002626d1fb744 method=com.sun.marlin.MaskMarlinAlphaConsumer.setAndClearRelativeAlphas([I[IIII)V @ 548 c2
Event: 19.703 Thread 0x000002627d89feb0 DEOPT PACKING pc=0x000002626d1fb744 sp=0x0000006eb0cfd6a0
Event: 19.703 Thread 0x000002627d89feb0 DEOPT UNPACKING pc=0x000002626cb8a5a3 sp=0x0000006eb0cfd5f0 mode 2

Classes loaded (20 events):
Event: 19.640 Loading class sun/util/locale/provider/BreakIteratorProviderImpl
Event: 19.640 Loading class sun/util/locale/provider/BreakIteratorProviderImpl done
Event: 19.642 Loading class sun/text/resources/BreakIteratorInfo
Event: 19.642 Loading class sun/text/resources/BreakIteratorInfo done
Event: 19.643 Loading class sun/text/resources/BreakIteratorResources
Event: 19.643 Loading class sun/util/resources/BreakIteratorResourceBundle
Event: 19.643 Loading class sun/util/resources/BreakIteratorResourceBundle done
Event: 19.643 Loading class sun/text/resources/BreakIteratorResources done
Event: 19.643 Loading class sun/text/resources/BreakIteratorResources_en
Event: 19.643 Loading class sun/text/resources/BreakIteratorResources_en done
Event: 19.643 Loading class sun/text/resources/BreakIteratorResources_en_US
Event: 19.643 Loading class sun/text/resources/BreakIteratorResources_en_US done
Event: 19.644 Loading class sun/text/RuleBasedBreakIterator
Event: 19.645 Loading class sun/text/RuleBasedBreakIterator done
Event: 19.646 Loading class sun/text/CompactByteArray
Event: 19.646 Loading class sun/text/CompactByteArray done
Event: 19.646 Loading class sun/text/SupplementaryCharacterData
Event: 19.646 Loading class sun/text/SupplementaryCharacterData done
Event: 19.646 Loading class java/text/BreakIterator$BreakIteratorCache
Event: 19.646 Loading class java/text/BreakIterator$BreakIteratorCache done

Classes unloaded (0 events):
No events

Classes redefined (0 events):
No events

Internal exceptions (20 events):
Event: 4.249 Thread 0x000002627d9b1bd0 Exception <a 'java/io/FileNotFoundException'{0x00000000c9946d58}> (0x00000000c9946d58) 
thrown [s\src\hotspot\share\prims\jni.cpp, line 517]
Event: 4.259 Thread 0x000002627d9b1bd0 Exception <a 'java/io/FileNotFoundException'{0x00000000c994b010}> (0x00000000c994b010) 
thrown [s\src\hotspot\share\prims\jni.cpp, line 517]
Event: 4.260 Thread 0x000002627d9b1bd0 Exception <a 'java/io/FileNotFoundException'{0x00000000c994c640}> (0x00000000c994c640) 
thrown [s\src\hotspot\share\prims\jni.cpp, line 517]
Event: 4.296 Thread 0x000002627d9b1bd0 Exception <a 'java/io/FileNotFoundException'{0x00000000c9840800}> (0x00000000c9840800) 
thrown [s\src\hotspot\share\prims\jni.cpp, line 517]
Event: 4.297 Thread 0x000002627d9b1bd0 Exception <a 'java/io/FileNotFoundException'{0x00000000c9842208}> (0x00000000c9842208) 
thrown [s\src\hotspot\share\prims\jni.cpp, line 517]
Event: 4.297 Thread 0x000002627d9b1bd0 Exception <a 'java/io/FileNotFoundException'{0x00000000c9843930}> (0x00000000c9843930) 
thrown [s\src\hotspot\share\prims\jni.cpp, line 517]
Event: 4.308 Thread 0x000002627d9b1bd0 Exception <a 'java/lang/NoSuchMethodError'{0x00000000c9870e98}: 'java.lang.Object java.lang.invoke.DirectMethodHandle$Holder.invokeInterface(java.lang.Object, java.lang.Object, java.lang.Object)'> (0x00000000c9870e98) 
thrown [s\src\hotspot\share\interpreter\linkResolver.cpp, line 774]
Event: 4.308 Thread 0x000002627d9b1bd0 Exception <a 'java/lang/IncompatibleClassChangeError'{0x00000000c9874818}: Found class java.lang.Object, but interface was expected> (0x00000000c9874818) 
thrown [s\src\hotspot\share\interpreter\linkResolver.cpp, line 841]
Event: 4.427 Thread 0x000002627d9b1bd0 Exception <a 'java/lang/ClassNotFoundException'{0x00000000c941b1a0}: com/sun/javafx/scene/control/skin/resources/controls> (0x00000000c941b1a0) 
thrown [s\src\hotspot\share\prims\jni.cpp, line 536]
Event: 4.427 Thread 0x000002627d9b1bd0 Exception <a 'java/lang/ClassNotFoundException'{0x00000000c9429228}: com/sun/javafx/scene/control/skin/resources/controls_en> (0x00000000c9429228) 
thrown [s\src\hotspot\share\prims\jni.cpp, line 536]
Event: 4.428 Thread 0x000002627d9b1bd0 Exception <a 'java/lang/ClassNotFoundException'{0x00000000c942a480}: com/sun/javafx/scene/control/skin/resources/controls_en_US> (0x00000000c942a480) 
thrown [s\src\hotspot\share\prims\jni.cpp, line 536]
Event: 4.536 Thread 0x000002627d9b1bd0 Exception <a 'java/lang/NoSuchMethodError'{0x00000000c8f1ed58}: 'void java.lang.invoke.DirectMethodHandle$Holder.invokeSpecialIFC(java.lang.Object, java.lang.Object, java.lang.Object, java.lang.Object)'> (0x00000000c8f1ed58) 
thrown [s\src\hotspot\share\interpreter\linkResolver.cpp, line 774]
Event: 4.863 Thread 0x000002627d9b1bd0 Exception <a 'java/lang/NoSuchMethodError'{0x00000000c85d30f0}: 'java.lang.Object java.lang.invoke.DirectMethodHandle$Holder.newInvokeSpecial(java.lang.Object, java.lang.Object, int)'> (0x00000000c85d30f0) 
thrown [s\src\hotspot\share\interpreter\linkResolver.cpp, line 774]
Event: 4.959 Thread 0x000002627d89feb0 Exception <a 'java/lang/NoSuchMethodError'{0x00000000ca9c4468}: 'int java.lang.invoke.DirectMethodHandle$Holder.invokeStaticInit(java.lang.Object, java.lang.Object)'> (0x00000000ca9c4468) 
thrown [s\src\hotspot\share\interpreter\linkResolver.cpp, line 774]
Event: 8.374 Thread 0x000002627d9b1bd0 Exception <a 'java/lang/NoSuchMethodError'{0x00000000c9a40d50}: 'long java.lang.invoke.DirectMethodHandle$Holder.invokeStatic(java.lang.Object, java.lang.Object, java.lang.Object)'> (0x00000000c9a40d50) 
thrown [s\src\hotspot\share\interpreter\linkResolver.cpp, line 774]
Event: 8.375 Thread 0x000002627d9b1bd0 Exception <a 'java/lang/NoSuchMethodError'{0x00000000c9a443c8}: 'long java.lang.invoke.DirectMethodHandle$Holder.invokeStaticInit(java.lang.Object, java.lang.Object, java.lang.Object)'> (0x00000000c9a443c8) 
thrown [s\src\hotspot\share\interpreter\linkResolver.cpp, line 774]
Event: 8.377 Thread 0x000002627d9b1bd0 Exception <a 'java/lang/NoSuchMethodError'{0x00000000c9a5caa8}: 'java.lang.Object java.lang.invoke.DirectMethodHandle$Holder.newInvokeSpecial(java.lang.Object, java.lang.Object, long)'> (0x00000000c9a5caa8) 
thrown [s\src\hotspot\share\interpreter\linkResolver.cpp, line 774]
Event: 8.378 Thread 0x000002627d9b1bd0 Exception <a 'java/lang/NoSuchMethodError'{0x00000000c9a60630}: 'java.lang.Object java.lang.invoke.Invokers$Holder.linkToTargetMethod(java.lang.Object, long, java.lang.Object)'> (0x00000000c9a60630) 
thrown [s\src\hotspot\share\interpreter\linkResolver.cpp, line 774]
Event: 8.490 Thread 0x000002627d89feb0 Exception <a 'java/lang/NoSuchMethodError'{0x00000000c9ab9e78}: 'java.lang.Object java.lang.invoke.DirectMethodHandle$Holder.invokeStaticInit(java.lang.Object, int)'> (0x00000000c9ab9e78) 
thrown [s\src\hotspot\share\interpreter\linkResolver.cpp, line 774]
Event: 19.202 Thread 0x000002627d9b1bd0 Implicit null exception at 0x000002626d1e1d5e to 0x000002626d1e3ff0

VM Operations (20 events):
Event: 8.949 Executing VM operation: Cleanup
Event: 8.949 Executing VM operation: Cleanup done
Event: 10.949 Executing VM operation: Cleanup
Event: 10.950 Executing VM operation: Cleanup done
Event: 11.950 Executing VM operation: Cleanup
Event: 11.950 Executing VM operation: Cleanup done
Event: 12.951 Executing VM operation: Cleanup
Event: 12.951 Executing VM operation: Cleanup done
Event: 13.724 Executing VM operation: HandshakeAllThreads
Event: 13.724 Executing VM operation: HandshakeAllThreads done
Event: 14.723 Executing VM operation: Cleanup
Event: 14.724 Executing VM operation: Cleanup done
Event: 16.724 Executing VM operation: Cleanup
Event: 16.724 Executing VM operation: Cleanup done
Event: 17.725 Executing VM operation: Cleanup
Event: 17.725 Executing VM operation: Cleanup done
Event: 18.725 Executing VM operation: Cleanup
Event: 18.725 Executing VM operation: Cleanup done
Event: 19.610 Executing VM operation: HandshakeAllThreads
Event: 19.610 Executing VM operation: HandshakeAllThreads done

Events (20 events):
Event: 0.056 Thread 0x0000026278b6efe0 Thread added: 0x0000026278b6efe0
Event: 0.056 Thread 0x0000026278b6fdd0 Thread added: 0x0000026278b6fdd0
Event: 0.057 Thread 0x0000026278b73cd0 Thread added: 0x0000026278b73cd0
Event: 0.057 Thread 0x0000026278b74830 Thread added: 0x0000026278b74830
Event: 0.057 Thread 0x0000026278b75390 Thread added: 0x0000026278b75390
Event: 0.057 Thread 0x0000026278b77f40 Thread added: 0x0000026278b77f40
Event: 0.057 Thread 0x0000026278b75db0 Thread added: 0x0000026278b75db0
Event: 0.058 Thread 0x0000026278b89710 Thread added: 0x0000026278b89710
Event: 0.058 Thread 0x0000026278b8a1c0 Thread added: 0x0000026278b8a1c0
Event: 0.105 Thread 0x000002627d0181a0 Thread added: 0x000002627d0181a0
Event: 0.660 Thread 0x000002627d15bc00 Thread added: 0x000002627d15bc00
Event: 0.661 Thread 0x000002627d575650 Thread added: 0x000002627d575650
Event: 1.796 Thread 0x000002627d89feb0 Thread added: 0x000002627d89feb0
Event: 1.926 Thread 0x000002627d9b06a0 Thread added: 0x000002627d9b06a0
Event: 1.930 Thread 0x000002627d9b1bd0 Thread added: 0x000002627d9b1bd0
Event: 2.097 Thread 0x000002627dbdb670 Thread added: 0x000002627dbdb670
Event: 2.117 Thread 0x000002627dbda130 Thread added: 0x000002627dbda130
Event: 2.648 Thread 0x000002627dbdabd0 Thread added: 0x000002627dbdabd0
Event: 3.145 Thread 0x000002627dbdc660 Thread added: 0x000002627dbdc660
Event: 4.990 Thread 0x000002627dbda680 Thread added: 0x000002627dbda680


Dynamic libraries:
0x00007ff77c3d0000 - 0x00007ff77c3dd000 	C:\Users\magdy\.jdks\corretto-19.0.2\bin\java.exe
0x00007ff9c49d0000 - 0x00007ff9c4bc8000 	C:\Windows\SYSTEM32\ntdll.dll
0x00007ff9c3270000 - 0x00007ff9c332f000 	C:\Windows\System32\KERNEL32.DLL
0x00007ff9c2300000 - 0x00007ff9c25d2000 	C:\Windows\System32\KERNELBASE.dll
0x00007ff9c21d0000 - 0x00007ff9c22d0000 	C:\Windows\System32\ucrtbase.dll
0x00007ff9b7d50000 - 0x00007ff9b7d65000 	C:\Users\magdy\.jdks\corretto-19.0.2\bin\VCRUNTIME140.dll
0x00007ff9af120000 - 0x00007ff9af137000 	C:\Users\magdy\.jdks\corretto-19.0.2\bin\jli.dll
0x00007ff9c2c80000 - 0x00007ff9c2e21000 	C:\Windows\System32\USER32.dll
0x00007ff9c22d0000 - 0x00007ff9c22f2000 	C:\Windows\System32\win32u.dll
0x00007ff9c3340000 - 0x00007ff9c336b000 	C:\Windows\System32\GDI32.dll
0x00007ff9c2820000 - 0x00007ff9c292f000 	C:\Windows\System32\gdi32full.dll
0x00007ff9c20c0000 - 0x00007ff9c215d000 	C:\Windows\System32\msvcp_win.dll
0x00007ff9af1b0000 - 0x00007ff9af44a000 	C:\Windows\WinSxS\amd64_microsoft.windows.common-controls_6595b64144ccf1df_6.0.19041.1110_none_60b5254171f9507e\COMCTL32.dll
0x00007ff9c4660000 - 0x00007ff9c46fe000 	C:\Windows\System32\msvcrt.dll
0x00007ff9c4950000 - 0x00007ff9c4982000 	C:\Windows\System32\IMM32.DLL
0x00007ff9876a0000 - 0x00007ff98773b000 	C:\Users\magdy\.jdks\corretto-19.0.2\bin\msvcp140.dll
0x00007ff94c470000 - 0x00007ff94d149000 	C:\Users\magdy\.jdks\corretto-19.0.2\bin\server\jvm.dll
0x00007ff9c36f0000 - 0x00007ff9c379e000 	C:\Windows\System32\ADVAPI32.dll
0x00007ff9c3520000 - 0x00007ff9c35bc000 	C:\Windows\System32\sechost.dll
0x00007ff9c35c0000 - 0x00007ff9c36e5000 	C:\Windows\System32\RPCRT4.dll
0x00007ff9b7d90000 - 0x00007ff9b7d99000 	C:\Windows\SYSTEM32\WSOCK32.dll
0x00007ff9c37a0000 - 0x00007ff9c380b000 	C:\Windows\System32\WS2_32.dll
0x00007ff9a77d0000 - 0x00007ff9a77f7000 	C:\Windows\SYSTEM32\WINMM.dll
0x00007ff9b4620000 - 0x00007ff9b462a000 	C:\Windows\SYSTEM32\VERSION.dll
0x00007ff9c0910000 - 0x00007ff9c0922000 	C:\Windows\SYSTEM32\kernel.appcore.dll
0x00007ff9b9d50000 - 0x00007ff9b9d5a000 	C:\Users\magdy\.jdks\corretto-19.0.2\bin\jimage.dll
0x00007ff9bfca0000 - 0x00007ff9bfe84000 	C:\Windows\SYSTEM32\DBGHELP.DLL
0x00007ff9a1ba0000 - 0x00007ff9a1bd5000 	C:\Windows\SYSTEM32\dbgcore.DLL
0x00007ff9c2790000 - 0x00007ff9c2812000 	C:\Windows\System32\bcryptPrimitives.dll
0x00007ff9b88f0000 - 0x00007ff9b88fe000 	C:\Users\magdy\.jdks\corretto-19.0.2\bin\instrument.dll
0x00007ff995840000 - 0x00007ff995866000 	C:\Users\magdy\.jdks\corretto-19.0.2\bin\java.dll
0x00007ff985360000 - 0x00007ff985436000 	C:\Users\magdy\.jdks\corretto-19.0.2\bin\jsvml.dll
0x00007ff9c3820000 - 0x00007ff9c3f64000 	C:\Windows\System32\SHELL32.dll
0x00007ff9c0160000 - 0x00007ff9c08f2000 	C:\Windows\SYSTEM32\windows.storage.dll
0x00007ff9c2e30000 - 0x00007ff9c3185000 	C:\Windows\System32\combase.dll
0x00007ff9c1b20000 - 0x00007ff9c1b50000 	C:\Windows\SYSTEM32\Wldp.dll
0x00007ff9c3fd0000 - 0x00007ff9c407d000 	C:\Windows\System32\SHCORE.dll
0x00007ff9c2a10000 - 0x00007ff9c2a65000 	C:\Windows\System32\shlwapi.dll
0x00007ff9c2000000 - 0x00007ff9c201f000 	C:\Windows\SYSTEM32\profapi.dll
0x00007ff98f060000 - 0x00007ff98f073000 	C:\Users\magdy\.jdks\corretto-19.0.2\bin\net.dll
0x00007ff9b8f10000 - 0x00007ff9b901c000 	C:\Windows\SYSTEM32\WINHTTP.dll
0x00007ff9c1880000 - 0x00007ff9c18ea000 	C:\Windows\system32\mswsock.dll
0x00007ff98f040000 - 0x00007ff98f055000 	C:\Users\magdy\.jdks\corretto-19.0.2\bin\nio.dll
0x00007ff98f020000 - 0x00007ff98f038000 	C:\Users\magdy\.jdks\corretto-19.0.2\bin\zip.dll
0x00007ff98e9f0000 - 0x00007ff98ea0a000 	C:\Program Files\JetBrains\IntelliJ IDEA 2023.1.2\bin\breakgen64.dll
0x0000026278d60000 - 0x0000026278d63000 	C:\Users\magdy\.openjfx\cache\19+11\amd64\api-ms-win-core-console-l1-1-0.dll
0x0000026278d70000 - 0x0000026278d73000 	C:\Users\magdy\.openjfx\cache\19+11\amd64\api-ms-win-core-console-l1-2-0.dll
0x0000026278d80000 - 0x0000026278d83000 	C:\Users\magdy\.openjfx\cache\19+11\amd64\api-ms-win-core-datetime-l1-1-0.dll
0x0000026278d90000 - 0x0000026278d93000 	C:\Users\magdy\.openjfx\cache\19+11\amd64\api-ms-win-core-debug-l1-1-0.dll
0x0000026278da0000 - 0x0000026278da3000 	C:\Users\magdy\.openjfx\cache\19+11\amd64\api-ms-win-core-errorhandling-l1-1-0.dll
0x0000026278db0000 - 0x0000026278db4000 	C:\Users\magdy\.openjfx\cache\19+11\amd64\api-ms-win-core-file-l1-1-0.dll
0x0000026278dc0000 - 0x0000026278dc3000 	C:\Users\magdy\.openjfx\cache\19+11\amd64\api-ms-win-core-file-l1-2-0.dll
0x0000026278dd0000 - 0x0000026278dd3000 	C:\Users\magdy\.openjfx\cache\19+11\amd64\api-ms-win-core-file-l2-1-0.dll
0x0000026278de0000 - 0x0000026278de3000 	C:\Users\magdy\.openjfx\cache\19+11\amd64\api-ms-win-core-handle-l1-1-0.dll
0x0000026278df0000 - 0x0000026278df3000 	C:\Users\magdy\.openjfx\cache\19+11\amd64\api-ms-win-core-heap-l1-1-0.dll
0x0000026278e00000 - 0x0000026278e03000 	C:\Users\magdy\.openjfx\cache\19+11\amd64\api-ms-win-core-interlocked-l1-1-0.dll
0x0000026278e10000 - 0x0000026278e13000 	C:\Users\magdy\.openjfx\cache\19+11\amd64\api-ms-win-core-libraryloader-l1-1-0.dll
0x0000026278e20000 - 0x0000026278e23000 	C:\Users\magdy\.openjfx\cache\19+11\amd64\api-ms-win-core-localization-l1-2-0.dll
0x0000026278e30000 - 0x0000026278e33000 	C:\Users\magdy\.openjfx\cache\19+11\amd64\api-ms-win-core-memory-l1-1-0.dll
0x0000026278e40000 - 0x0000026278e43000 	C:\Users\magdy\.openjfx\cache\19+11\amd64\api-ms-win-core-namedpipe-l1-1-0.dll
0x0000026278e50000 - 0x0000026278e53000 	C:\Users\magdy\.openjfx\cache\19+11\amd64\api-ms-win-core-processenvironment-l1-1-0.dll
0x0000026278e60000 - 0x0000026278e63000 	C:\Users\magdy\.openjfx\cache\19+11\amd64\api-ms-win-core-processthreads-l1-1-0.dll
0x0000026278e70000 - 0x0000026278e73000 	C:\Users\magdy\.openjfx\cache\19+11\amd64\api-ms-win-core-processthreads-l1-1-1.dll
0x0000026278e80000 - 0x0000026278e83000 	C:\Users\magdy\.openjfx\cache\19+11\amd64\api-ms-win-core-profile-l1-1-0.dll
0x0000026278e90000 - 0x0000026278e93000 	C:\Users\magdy\.openjfx\cache\19+11\amd64\api-ms-win-core-rtlsupport-l1-1-0.dll
0x0000026278ea0000 - 0x0000026278ea3000 	C:\Users\magdy\.openjfx\cache\19+11\amd64\api-ms-win-core-string-l1-1-0.dll
0x0000026278eb0000 - 0x0000026278eb3000 	C:\Users\magdy\.openjfx\cache\19+11\amd64\api-ms-win-core-synch-l1-1-0.dll
0x0000026278ec0000 - 0x0000026278ec3000 	C:\Users\magdy\.openjfx\cache\19+11\amd64\api-ms-win-core-synch-l1-2-0.dll
0x0000026278ed0000 - 0x0000026278ed3000 	C:\Users\magdy\.openjfx\cache\19+11\amd64\api-ms-win-core-sysinfo-l1-1-0.dll
0x0000026278ee0000 - 0x0000026278ee3000 	C:\Users\magdy\.openjfx\cache\19+11\amd64\api-ms-win-core-timezone-l1-1-0.dll
0x0000026278ef0000 - 0x0000026278ef3000 	C:\Users\magdy\.openjfx\cache\19+11\amd64\api-ms-win-core-util-l1-1-0.dll
0x0000026278f00000 - 0x0000026278f03000 	C:\Users\magdy\.openjfx\cache\19+11\amd64\api-ms-win-crt-conio-l1-1-0.dll
0x0000026278f10000 - 0x0000026278f14000 	C:\Users\magdy\.openjfx\cache\19+11\amd64\api-ms-win-crt-convert-l1-1-0.dll
0x0000026278f20000 - 0x0000026278f23000 	C:\Users\magdy\.openjfx\cache\19+11\amd64\api-ms-win-crt-environment-l1-1-0.dll
0x0000026278f30000 - 0x0000026278f33000 	C:\Users\magdy\.openjfx\cache\19+11\amd64\api-ms-win-crt-filesystem-l1-1-0.dll
0x0000026278f40000 - 0x0000026278f43000 	C:\Users\magdy\.openjfx\cache\19+11\amd64\api-ms-win-crt-heap-l1-1-0.dll
0x0000026278f50000 - 0x0000026278f53000 	C:\Users\magdy\.openjfx\cache\19+11\amd64\api-ms-win-crt-locale-l1-1-0.dll
0x0000026278f60000 - 0x0000026278f65000 	C:\Users\magdy\.openjfx\cache\19+11\amd64\api-ms-win-crt-math-l1-1-0.dll
0x0000026278f70000 - 0x0000026278f75000 	C:\Users\magdy\.openjfx\cache\19+11\amd64\api-ms-win-crt-multibyte-l1-1-0.dll
0x0000026278f80000 - 0x0000026278f90000 	C:\Users\magdy\.openjfx\cache\19+11\amd64\api-ms-win-crt-private-l1-1-0.dll
0x0000026278f90000 - 0x0000026278f93000 	C:\Users\magdy\.openjfx\cache\19+11\amd64\api-ms-win-crt-process-l1-1-0.dll
0x0000026278fa0000 - 0x0000026278fa4000 	C:\Users\magdy\.openjfx\cache\19+11\amd64\api-ms-win-crt-runtime-l1-1-0.dll
0x0000026278fb0000 - 0x0000026278fb4000 	C:\Users\magdy\.openjfx\cache\19+11\amd64\api-ms-win-crt-stdio-l1-1-0.dll
0x0000026278fc0000 - 0x0000026278fc4000 	C:\Users\magdy\.openjfx\cache\19+11\amd64\api-ms-win-crt-string-l1-1-0.dll
0x0000026278fd0000 - 0x0000026278fd3000 	C:\Users\magdy\.openjfx\cache\19+11\amd64\api-ms-win-crt-time-l1-1-0.dll
0x0000026278fe0000 - 0x0000026278fe3000 	C:\Users\magdy\.openjfx\cache\19+11\amd64\api-ms-win-crt-utility-l1-1-0.dll
0x00007ff984e50000 - 0x00007ff984f4c000 	C:\Users\magdy\.openjfx\cache\19+11\amd64\ucrtbase.dll
0x00007ff98b920000 - 0x00007ff98b93b000 	C:\Users\magdy\.openjfx\cache\19+11\amd64\vcruntime140.dll
0x00007ff9b7db0000 - 0x00007ff9b7dbc000 	C:\Users\magdy\.openjfx\cache\19+11\amd64\vcruntime140_1.dll
0x00007ff986450000 - 0x00007ff9864de000 	C:\Users\magdy\.openjfx\cache\19+11\amd64\msvcp140.dll
0x00007ff9b7d00000 - 0x00007ff9b7d09000 	C:\Users\magdy\.openjfx\cache\19+11\amd64\msvcp140_1.dll
0x00007ff98a630000 - 0x00007ff98a660000 	C:\Users\magdy\.openjfx\cache\19+11\amd64\msvcp140_2.dll
0x00007ff98aaa0000 - 0x00007ff98aacc000 	C:\Users\magdy\.openjfx\cache\19+11\amd64\prism_d3d.dll
0x00007ff986960000 - 0x00007ff986b2e000 	C:\Windows\system32\d3d9.dll
0x00007ff9bf630000 - 0x00007ff9bf65f000 	C:\Windows\SYSTEM32\dwmapi.dll
0x00007ff9bb8d0000 - 0x00007ff9bb96e000 	C:\Windows\system32\uxtheme.dll
0x00007ff9712a0000 - 0x00007ff97144c000 	C:\Windows\System32\DriverStore\FileRepository\iigd_dch.inf_amd64_86def921271c86b5\igdumdim64.dll
0x00007ff9c4810000 - 0x00007ff9c493a000 	C:\Windows\System32\ole32.dll
0x00007ff91e280000 - 0x00007ff921edc000 	C:\Windows\System32\DriverStore\FileRepository\iigd_dch.inf_amd64_86def921271c86b5\igd9dxva64.dll
0x00007ff9c4080000 - 0x00007ff9c414d000 	C:\Windows\System32\OLEAUT32.dll
0x00007ff9c4150000 - 0x00007ff9c45b8000 	C:\Windows\System32\SETUPAPI.dll
0x00007ff9c2740000 - 0x00007ff9c278e000 	C:\Windows\System32\cfgmgr32.dll
0x00007ff9c2930000 - 0x00007ff9c2957000 	C:\Windows\System32\bcrypt.dll
0x00007ff9b27a0000 - 0x00007ff9b2b90000 	C:\Windows\System32\DriverStore\FileRepository\iigd_dch.inf_amd64_86def921271c86b5\igdgmm64.dll
0x00007ff985310000 - 0x00007ff985352000 	C:\Users\magdy\.openjfx\cache\19+11\amd64\glass.dll
0x00007ff9c3190000 - 0x00007ff9c326a000 	C:\Windows\System32\COMDLG32.dll
0x00007ff9c3370000 - 0x00007ff9c3485000 	C:\Windows\System32\MSCTF.dll
0x00007ff9ae8f0000 - 0x00007ff9ae917000 	C:\Windows\System32\DriverStore\FileRepository\iigd_dch.inf_amd64_86def921271c86b5\igdinfo64.dll
0x00007ff9c1a70000 - 0x00007ff9c1a88000 	C:\Windows\SYSTEM32\CRYPTSP.dll
0x00007ff9c1130000 - 0x00007ff9c1164000 	C:\Windows\system32\rsaenh.dll
0x00007ff9c1a90000 - 0x00007ff9c1a9c000 	C:\Windows\SYSTEM32\CRYPTBASE.dll
0x00007ff9a97f0000 - 0x00007ff9ade34000 	C:\Windows\System32\DriverStore\FileRepository\iigd_dch.inf_amd64_86def921271c86b5\igc64.dll
0x00007ff9b4750000 - 0x00007ff9b478b000 	C:\Windows\SYSTEM32\dxcore.dll
0x00007ff98a140000 - 0x00007ff98a154000 	C:\Users\magdy\.openjfx\cache\19+11\amd64\javafx_font.dll
0x00007ff9aff60000 - 0x00007ff9b01df000 	C:\Windows\SYSTEM32\dwrite.dll
0x00007ff9c1f80000 - 0x00007ff9c1fae000 	C:\Windows\SYSTEM32\USERENV.dll
0x00007ff9c1520000 - 0x00007ff9c155b000 	C:\Windows\SYSTEM32\IPHLPAPI.DLL
0x00007ff9c3330000 - 0x00007ff9c3338000 	C:\Windows\System32\NSI.dll
0x00007ff9b2dc0000 - 0x00007ff9b2dd7000 	C:\Windows\SYSTEM32\dhcpcsvc6.DLL
0x00007ff9b46c0000 - 0x00007ff9b46dd000 	C:\Windows\SYSTEM32\dhcpcsvc.DLL
0x00007ff9c1560000 - 0x00007ff9c162a000 	C:\Windows\SYSTEM32\DNSAPI.dll
0x00007ff9b5f40000 - 0x00007ff9b5f4a000 	C:\Windows\System32\rasadhlp.dll
0x00007ff9b2520000 - 0x00007ff9b25a0000 	C:\Windows\System32\fwpuclnt.dll
0x00007ff98ed10000 - 0x00007ff98ed1e000 	C:\Users\magdy\.jdks\corretto-19.0.2\bin\sunmscapi.dll
0x00007ff9c25e0000 - 0x00007ff9c2736000 	C:\Windows\System32\CRYPT32.dll
0x00007ff9c1b90000 - 0x00007ff9c1bb7000 	C:\Windows\SYSTEM32\ncrypt.dll
0x00007ff9c1b50000 - 0x00007ff9c1b8b000 	C:\Windows\SYSTEM32\NTASN1.dll
0x00007ff9c4700000 - 0x00007ff9c47af000 	C:\Windows\System32\clbcatq.dll

dbghelp: loaded successfully - version: 4.0.5 - missing functions: none
symbol engine: initialized successfully - sym options: 0x614 - pdb path: .;C:\Users\magdy\.jdks\corretto-19.0.2\bin;C:\Windows\SYSTEM32;C:\Windows\WinSxS\amd64_microsoft.windows.common-controls_6595b64144ccf1df_6.0.19041.1110_none_60b5254171f9507e;C:\Users\magdy\.jdks\corretto-19.0.2\bin\server;C:\Program Files\JetBrains\IntelliJ IDEA 2023.1.2\bin;C:\Users\magdy\.openjfx\cache\19+11\amd64;C:\Windows\System32\DriverStore\FileRepository\iigd_dch.inf_amd64_86def921271c86b5;C:\Program Files\Common Files\Microsoft Shared\Ink

VM Arguments:
jvm_args: -javaagent:C:\Program Files\JetBrains\IntelliJ IDEA 2023.1.2\lib\idea_rt.jar=57663:C:\Program Files\JetBrains\IntelliJ IDEA 2023.1.2\bin -Dfile.encoding=UTF-8 -Dsun.stdout.encoding=UTF-8 -Dsun.stderr.encoding=UTF-8 --module-path=C:\Users\magdy\.m2\repository\org\openjfx\javafx-controls\19\javafx-controls-19-win.jar;C:\Users\magdy\OneDrive\Documents\GitHub\HMS\target\classes;C:\Users\magdy\.m2\repository\org\openjfx\javafx-base\19\javafx-base-19-win.jar;C:\Users\magdy\.m2\repository\org\openjfx\javafx-fxml\19\javafx-fxml-19-win.jar;C:\Users\magdy\.m2\repository\org\openjfx\javafx-graphics\19\javafx-graphics-19-win.jar -Djdk.module.main=com.example.swa7_app 
java_command: com.example.swa7_app/com.example.swa7_app.Main
java_class_path (initial): C:\Users\magdy\.m2\repository\org\openjfx\javafx-controls\19\javafx-controls-19.jar;C:\Users\magdy\.m2\repository\org\openjfx\javafx-graphics\19\javafx-graphics-19.jar;C:\Users\magdy\.m2\repository\org\openjfx\javafx-base\19\javafx-base-19.jar;C:\Users\magdy\.m2\repository\org\openjfx\javafx-fxml\19\javafx-fxml-19.jar;C:\Users\magdy\OneDrive\Documents\GitHub\HMS\mysql-connector-j-8.0.32.jar;C:\Users\magdy\OneDrive\Documents\GitHub\HMS\fontawesomefx-8.2.jar
Launcher Type: SUN_STANDARD

[Global flags]
     intx CICompilerCount                          = 3                                         {product} {ergonomic}
     uint ConcGCThreads                            = 1                                         {product} {ergonomic}
     uint G1ConcRefinementThreads                  = 4                                         {product} {ergonomic}
   size_t G1HeapRegionSize                         = 1048576                                   {product} {ergonomic}
    uintx GCDrainStackTargetSize                   = 64                                        {product} {ergonomic}
   size_t InitialHeapSize                          = 60817408                                  {product} {ergonomic}
   size_t MarkStackSize                            = 4194304                                   {product} {ergonomic}
   size_t MaxHeapSize                              = 956301312                                 {product} {ergonomic}
   size_t MaxNewSize                               = 573571072                                 {product} {ergonomic}
   size_t MinHeapDeltaBytes                        = 1048576                                   {product} {ergonomic}
   size_t MinHeapSize                              = 8388608                                   {product} {ergonomic}
    uintx NonNMethodCodeHeapSize                   = 5832780                                {pd product} {ergonomic}
    uintx NonProfiledCodeHeapSize                  = 122912730                              {pd product} {ergonomic}
    uintx ProfiledCodeHeapSize                     = 122912730                              {pd product} {ergonomic}
    uintx ReservedCodeCacheSize                    = 251658240                              {pd product} {ergonomic}
     bool SegmentedCodeCache                       = true                                      {product} {ergonomic}
   size_t SoftMaxHeapSize                          = 956301312                              {manageable} {ergonomic}
     bool UseCompressedClassPointers               = true                           {product lp64_product} {ergonomic}
     bool UseCompressedOops                        = true                           {product lp64_product} {ergonomic}
     bool UseG1GC                                  = true                                      {product} {ergonomic}
     bool UseLargePagesIndividualAllocation        = false                                  {pd product} {ergonomic}

Logging:
Log output configuration:
 #0: stdout all=warning uptime,level,tags foldmultilines=false
 #1: stderr all=off uptime,level,tags foldmultilines=false

Environment Variables:
PATH=C:\Windows\system32;C:\Windows;C:\Windows\System32\Wbem;C:\Windows\System32\WindowsPowerShell\v1.0\;C:\Windows\System32\OpenSSH\;C:\Users\magdy\AppData\Local\Microsoft\WindowsApps;C:\Program Files\JetBrains\IntelliJ IDEA 2023.1.2\bin;;C:\Users\magdy\AppData\Local\GitHubDesktop\bin;C:\ProgramData\magdy\GitHubDesktop\bin
USERNAME=magdy
OS=Windows_NT
PROCESSOR_IDENTIFIER=Intel64 Family 6 Model 140 Stepping 1, GenuineIntel
TMP=C:\Users\magdy\AppData\Local\Temp
TEMP=C:\Users\magdy\AppData\Local\Temp



---------------  S Y S T E M  ---------------

OS:
 Windows 10 , 64 bit Build 19041 (10.0.19041.2364)
OS uptime: 1 days 10:23 hours

CPU: total 4 (initial active 4) (2 cores per cpu, 2 threads per core) family 6 model 140 stepping 1 microcode 0x86, cx8, cmov, fxsr, ht, mmx, 3dnowpref, sse, sse2, sse3, ssse3, sse4.1, sse4.2, popcnt, lzcnt, tsc, tscinvbit, avx, avx2, aes, erms, clmul, bmi1, bmi2, adx, avx512f, avx512dq, avx512cd, avx512bw, avx512vl, sha, fma, vzeroupper, avx512_vpopcntdq, avx512_vpclmulqdq, avx512_vaes, avx512_vnni, clflush, clflushopt, clwb, avx512_vbmi2, avx512_vbmi, rdtscp, rdpid, fsrm, gfni, avx512_bitalg

Memory: 4k page, system-wide physical 3643M (81M free)
TotalPageFile size 12281M (AvailPageFile size 5M)
current process WorkingSet (physical memory assigned to process): 180M, peak: 201M
current process commit charge ("private bytes"): 286M, peak: 288M

vm_info: OpenJDK 64-Bit Server VM (19.0.2+7-FR) for windows-amd64 JRE (19.0.2+7-FR), built on Jan 13 2023 22:53:32 by "Administrator" with MS VC++ 15.9 (VS2017)

END.
